<?xml version="1.0" encoding="UTF-8"?>
<!-- Generated by org.testng.reporters.JUnitReportReporter -->
<testsuite hostname="DESKTOP-6T8U07T" failures="0" tests="1" name="testCases.TC_ValidateOrder_004" time="58.244" errors="0" timestamp="2022-07-27T11:24:43 EET" skipped="0">
  <testcase classname="testCases.TC_ValidateOrder_004" name="ValidateOrder" time="58.244"/>
  <system-out/>
</testsuite> <!-- testCases.TC_ValidateOrder_004 -->
