<?xml version="1.0" encoding="UTF-8"?>
<!-- Generated by org.testng.reporters.JUnitReportReporter -->
<testsuite hostname="DESKTOP-6T8U07T" failures="0" tests="1" name="testCases.TC_CreateNewAccount_001" time="15.390" errors="0" timestamp="2022-07-28T11:15:48 EET" skipped="0">
  <testcase classname="testCases.TC_CreateNewAccount_001" name="addNewCutomer" time="15.390"/>
  <system-out/>
</testsuite> <!-- testCases.TC_CreateNewAccount_001 -->
