<?xml version="1.0" encoding="UTF-8"?>
<!-- Generated by org.testng.reporters.JUnitReportReporter -->
<testsuite hostname="DESKTOP-6T8U07T" failures="0" tests="1" name="testCases.TC_SelectProductAndCheckOut_003" time="157.581" errors="0" timestamp="2022-07-27T10:58:57 EET" skipped="0">
  <testcase classname="testCases.TC_SelectProductAndCheckOut_003" name="SelectProductAndCheckout" time="157.581"/>
  <system-out/>
</testsuite> <!-- testCases.TC_SelectProductAndCheckOut_003 -->
