<?xml version="1.0" encoding="UTF-8"?>
<!-- Generated by org.testng.reporters.JUnitReportReporter -->
<testsuite hostname="DESKTOP-6T8U07T" failures="0" tests="1" name="testCases.TC_SelectProductAndCheckOut_004" time="21.896" errors="0" timestamp="2022-07-28T11:15:48 EET" skipped="0">
  <testcase classname="testCases.TC_SelectProductAndCheckOut_004" name="SelectProductAndCheckout" time="21.896"/>
  <system-out/>
</testsuite> <!-- testCases.TC_SelectProductAndCheckOut_004 -->
