<?xml version="1.0" encoding="UTF-8"?>
<!-- Generated by org.testng.reporters.JUnitReportReporter -->
<testsuite hostname="DESKTOP-6T8U07T" failures="0" tests="1" name="testCases.TC_Login_002" time="4.317" errors="0" timestamp="2022-07-28T11:15:48 EET" skipped="0">
  <testcase classname="testCases.TC_Login_002" name="AuthenticateAsNewUser" time="4.317"/>
  <system-out/>
</testsuite> <!-- testCases.TC_Login_002 -->
